<?xml version="1.0" encoding="UTF-8"?>
<testsuite name="com.sproject.boot.springboot.web.IndexControllerTest" tests="1" skipped="0" failures="0" errors="0" timestamp="2021-07-13T07:46:28" hostname="DESKTOP-F6NRLVA" time="0.14">
  <properties/>
  <testcase name="메인페이지_로딩" classname="com.sproject.boot.springboot.web.IndexControllerTest" time="0.14"/>
  <system-out><![CDATA[2021-07-13 16:46:26.951  INFO 28148 --- [    Test worker] .b.t.c.SpringBootTestContextBootstrapper : Neither @ContextConfiguration nor @ContextHierarchy found for test class [com.sproject.boot.springboot.web.IndexControllerTest], using SpringBootContextLoader
2021-07-13 16:46:26.952  INFO 28148 --- [    Test worker] o.s.t.c.support.AbstractContextLoader    : Could not detect default resource locations for test class [com.sproject.boot.springboot.web.IndexControllerTest]: no resource found for suffixes {-context.xml, Context.groovy}.
2021-07-13 16:46:26.952  INFO 28148 --- [    Test worker] t.c.s.AnnotationConfigContextLoaderUtils : Could not detect default configuration classes for test class [com.sproject.boot.springboot.web.IndexControllerTest]: IndexControllerTest does not declare any static, non-private, non-final, nested classes annotated with @Configuration.
2021-07-13 16:46:26.953  INFO 28148 --- [    Test worker] .b.t.c.SpringBootTestContextBootstrapper : Found @SpringBootConfiguration com.sproject.boot.springboot.Application for test class com.sproject.boot.springboot.web.IndexControllerTest
2021-07-13 16:46:26.954  INFO 28148 --- [    Test worker] .b.t.c.SpringBootTestContextBootstrapper : Loaded default TestExecutionListener class names from location [META-INF/spring.factories]: [org.springframework.security.test.context.support.WithSecurityContextTestExecutionListener, org.springframework.security.test.context.support.ReactorContextTestExecutionListener, org.springframework.boot.test.autoconfigure.restdocs.RestDocsTestExecutionListener, org.springframework.boot.test.autoconfigure.web.client.MockRestServiceServerResetTestExecutionListener, org.springframework.boot.test.autoconfigure.web.servlet.MockMvcPrintOnlyOnFailureTestExecutionListener, org.springframework.boot.test.autoconfigure.web.servlet.WebDriverTestExecutionListener, org.springframework.boot.test.mock.mockito.MockitoTestExecutionListener, org.springframework.boot.test.mock.mockito.ResetMocksTestExecutionListener, org.springframework.test.context.web.ServletTestExecutionListener, org.springframework.test.context.support.DirtiesContextBeforeModesTestExecutionListener, org.springframework.test.context.support.DependencyInjectionTestExecutionListener, org.springframework.test.context.support.DirtiesContextTestExecutionListener, org.springframework.test.context.transaction.TransactionalTestExecutionListener, org.springframework.test.context.jdbc.SqlScriptsTestExecutionListener]
2021-07-13 16:46:26.955  INFO 28148 --- [    Test worker] .b.t.c.SpringBootTestContextBootstrapper : Using TestExecutionListeners: [org.springframework.test.context.web.ServletTestExecutionListener@306f5b9d, org.springframework.test.context.support.DirtiesContextBeforeModesTestExecutionListener@542cbf2c, org.springframework.boot.test.mock.mockito.MockitoTestExecutionListener@1ddb511a, org.springframework.boot.test.autoconfigure.SpringBootDependencyInjectionTestExecutionListener@233183a7, org.springframework.test.context.support.DirtiesContextTestExecutionListener@69c897ef, org.springframework.test.context.transaction.TransactionalTestExecutionListener@582c8025, org.springframework.test.context.jdbc.SqlScriptsTestExecutionListener@1fb849bb, org.springframework.security.test.context.support.WithSecurityContextTestExecutionListener@30bbdd50, org.springframework.security.test.context.support.ReactorContextTestExecutionListener@1d614347, org.springframework.boot.test.autoconfigure.restdocs.RestDocsTestExecutionListener@21f0d566, org.springframework.boot.test.autoconfigure.web.client.MockRestServiceServerResetTestExecutionListener@7cd8b572, org.springframework.boot.test.autoconfigure.web.servlet.MockMvcPrintOnlyOnFailureTestExecutionListener@1267a6e4, org.springframework.boot.test.autoconfigure.web.servlet.WebDriverTestExecutionListener@58ba494, org.springframework.boot.test.mock.mockito.ResetMocksTestExecutionListener@22770aa6]

  .   ____          _            __ _ _
 /\\ / ___'_ __ _ _(_)_ __  __ _ \ \ \ \
( ( )\___ | '_ | '_| | '_ \/ _` | \ \ \ \
 \\/  ___)| |_)| | | | | || (_| |  ) ) ) )
  '  |____| .__|_| |_|_| |_\__, | / / / /
 =========|_|==============|___/=/_/_/_/
 :: Spring Boot ::        (v2.1.7.RELEASE)

2021-07-13 16:46:26.996  INFO 28148 --- [    Test worker] c.s.b.s.web.IndexControllerTest          : Starting IndexControllerTest on DESKTOP-F6NRLVA with PID 28148 (started by pc1 in C:\Users\pc1\Documents\git\project)
2021-07-13 16:46:26.996  INFO 28148 --- [    Test worker] c.s.b.s.web.IndexControllerTest          : The following profiles are active: oauth
2021-07-13 16:46:27.193  INFO 28148 --- [    Test worker] .s.d.r.c.RepositoryConfigurationDelegate : Bootstrapping Spring Data repositories in DEFAULT mode.
2021-07-13 16:46:27.218  INFO 28148 --- [    Test worker] .s.d.r.c.RepositoryConfigurationDelegate : Finished Spring Data repository scanning in 25ms. Found 2 repository interfaces.
2021-07-13 16:46:27.305  INFO 28148 --- [    Test worker] trationDelegate$BeanPostProcessorChecker : Bean 'org.springframework.transaction.annotation.ProxyTransactionManagementConfiguration' of type [org.springframework.transaction.annotation.ProxyTransactionManagementConfiguration$$EnhancerBySpringCGLIB$$265b8e22] is not eligible for getting processed by all BeanPostProcessors (for example: not eligible for auto-proxying)
2021-07-13 16:46:27.536  INFO 28148 --- [    Test worker] o.s.b.w.embedded.tomcat.TomcatWebServer  : Tomcat initialized with port(s): 0 (http)
2021-07-13 16:46:27.561  INFO 28148 --- [    Test worker] o.apache.catalina.core.StandardService   : Starting service [Tomcat]
2021-07-13 16:46:27.561  INFO 28148 --- [    Test worker] org.apache.catalina.core.StandardEngine  : Starting Servlet engine: [Apache Tomcat/9.0.22]
2021-07-13 16:46:27.710  INFO 28148 --- [    Test worker] o.a.c.c.C.[Tomcat].[localhost].[/]       : Initializing Spring embedded WebApplicationContext
2021-07-13 16:46:27.710  INFO 28148 --- [    Test worker] o.s.web.context.ContextLoader            : Root WebApplicationContext: initialization completed in 712 ms
2021-07-13 16:46:27.856  INFO 28148 --- [    Test worker] com.zaxxer.hikari.HikariDataSource       : HikariPool-2 - Starting...
2021-07-13 16:46:27.857  INFO 28148 --- [    Test worker] com.zaxxer.hikari.HikariDataSource       : HikariPool-2 - Start completed.
2021-07-13 16:46:27.888  INFO 28148 --- [    Test worker] o.hibernate.jpa.internal.util.LogHelper  : HHH000204: Processing PersistenceUnitInfo [
	name: default
	...]
2021-07-13 16:46:27.900  INFO 28148 --- [    Test worker] org.hibernate.dialect.Dialect            : HHH000400: Using dialect: org.hibernate.dialect.MySQL5InnoDBDialect
Hibernate: drop table if exists posts
Hibernate: drop table if exists user
Hibernate: create table posts (id bigint not null auto_increment, create_date datetime, modified_date datetime, author varchar(255), content TEXT not null, title varchar(500) not null, primary key (id)) engine=InnoDB
Hibernate: create table user (id bigint not null auto_increment, create_date datetime, modified_date datetime, email varchar(255) not null, name varchar(255) not null, picture varchar(255), role varchar(255) not null, primary key (id)) engine=InnoDB
2021-07-13 16:46:27.942  INFO 28148 --- [    Test worker] o.h.t.schema.internal.SchemaCreatorImpl  : HHH000476: Executing import script 'org.hibernate.tool.schema.internal.exec.ScriptSourceInputNonExistentImpl@608ab4fd'
2021-07-13 16:46:27.942  INFO 28148 --- [    Test worker] j.LocalContainerEntityManagerFactoryBean : Initialized JPA EntityManagerFactory for persistence unit 'default'
2021-07-13 16:46:28.200  INFO 28148 --- [    Test worker] o.h.h.i.QueryTranslatorFactoryInitiator  : HHH000397: Using ASTQueryTranslatorFactory
2021-07-13 16:46:28.327  INFO 28148 --- [    Test worker] o.s.s.web.DefaultSecurityFilterChain     : Creating filter chain: any request, [org.springframework.security.web.context.request.async.WebAsyncManagerIntegrationFilter@5615e9b7, org.springframework.security.web.context.SecurityContextPersistenceFilter@c799376, org.springframework.security.web.header.HeaderWriterFilter@9cd9fac, org.springframework.security.web.authentication.logout.LogoutFilter@69e319a4, org.springframework.security.oauth2.client.web.OAuth2AuthorizationRequestRedirectFilter@4911144f, org.springframework.security.oauth2.client.web.OAuth2LoginAuthenticationFilter@133c32e2, org.springframework.security.web.authentication.ui.DefaultLoginPageGeneratingFilter@29c1cdc9, org.springframework.security.web.authentication.ui.DefaultLogoutPageGeneratingFilter@19e4225c, org.springframework.security.web.savedrequest.RequestCacheAwareFilter@683a0c22, org.springframework.security.web.servletapi.SecurityContextHolderAwareRequestFilter@d6fde76, org.springframework.security.web.authentication.AnonymousAuthenticationFilter@5896ee43, org.springframework.security.web.session.SessionManagementFilter@564e589a, org.springframework.security.web.access.ExceptionTranslationFilter@25e829e2, org.springframework.security.web.access.intercept.FilterSecurityInterceptor@4d404fd6]
2021-07-13 16:46:28.497  INFO 28148 --- [    Test worker] o.s.s.concurrent.ThreadPoolTaskExecutor  : Initializing ExecutorService 'applicationTaskExecutor'
2021-07-13 16:46:28.509  WARN 28148 --- [    Test worker] aWebConfiguration$JpaWebMvcConfiguration : spring.jpa.open-in-view is enabled by default. Therefore, database queries may be performed during view rendering. Explicitly configure spring.jpa.open-in-view to disable this warning
2021-07-13 16:46:28.532  INFO 28148 --- [    Test worker] o.s.b.a.w.s.WelcomePageHandlerMapping    : Adding welcome page template: index
2021-07-13 16:46:28.747  INFO 28148 --- [    Test worker] s.a.ScheduledAnnotationBeanPostProcessor : No TaskScheduler/ScheduledExecutorService bean found for scheduled processing
2021-07-13 16:46:28.765  INFO 28148 --- [    Test worker] o.s.b.w.embedded.tomcat.TomcatWebServer  : Tomcat started on port(s): 2175 (http) with context path ''
2021-07-13 16:46:28.766  INFO 28148 --- [    Test worker] c.s.b.s.web.IndexControllerTest          : Started IndexControllerTest in 1.81 seconds (JVM running for 9.159)
2021-07-13 16:46:28.839  INFO 28148 --- [o-auto-1-exec-1] o.a.c.c.C.[Tomcat].[localhost].[/]       : Initializing Spring DispatcherServlet 'dispatcherServlet'
2021-07-13 16:46:28.839  INFO 28148 --- [o-auto-1-exec-1] o.s.web.servlet.DispatcherServlet        : Initializing Servlet 'dispatcherServlet'
2021-07-13 16:46:28.853  INFO 28148 --- [o-auto-1-exec-1] o.s.web.servlet.DispatcherServlet        : Completed initialization in 14 ms
Hibernate: select posts0_.id as id1_0_, posts0_.create_date as create_d2_0_, posts0_.modified_date as modified3_0_, posts0_.author as author4_0_, posts0_.content as content5_0_, posts0_.title as title6_0_ from posts posts0_ order by posts0_.id DESC
]]></system-out>
  <system-err><![CDATA[]]></system-err>
</testsuite>
