<?xml version="1.0" encoding="UTF-8"?>
<testsuite name="com.sproject.boot.springboot.web.HelloControllerTest" tests="2" skipped="0" failures="0" errors="0" timestamp="2021-07-27T09:20:22" hostname="DESKTOP-F6NRLVA" time="0.084">
  <properties/>
  <testcase name="hello가_리턴된다" classname="com.sproject.boot.springboot.web.HelloControllerTest" time="0.02"/>
  <testcase name="helloDto가_리턴된다" classname="com.sproject.boot.springboot.web.HelloControllerTest" time="0.064"/>
  <system-out><![CDATA[2021-07-27 18:20:21.837  INFO 35056 --- [    Test worker] .b.t.a.w.s.WebMvcTestContextBootstrapper : Neither @ContextConfiguration nor @ContextHierarchy found for test class [com.sproject.boot.springboot.web.HelloControllerTest], using SpringBootContextLoader
2021-07-27 18:20:21.838  INFO 35056 --- [    Test worker] o.s.t.c.support.AbstractContextLoader    : Could not detect default resource locations for test class [com.sproject.boot.springboot.web.HelloControllerTest]: no resource found for suffixes {-context.xml, Context.groovy}.
2021-07-27 18:20:21.838  INFO 35056 --- [    Test worker] t.c.s.AnnotationConfigContextLoaderUtils : Could not detect default configuration classes for test class [com.sproject.boot.springboot.web.HelloControllerTest]: HelloControllerTest does not declare any static, non-private, non-final, nested classes annotated with @Configuration.
2021-07-27 18:20:21.850  INFO 35056 --- [    Test worker] .b.t.c.SpringBootTestContextBootstrapper : Found @SpringBootConfiguration com.sproject.boot.springboot.Application for test class com.sproject.boot.springboot.web.HelloControllerTest
2021-07-27 18:20:21.851  INFO 35056 --- [    Test worker] .b.t.a.w.s.WebMvcTestContextBootstrapper : Loaded default TestExecutionListener class names from location [META-INF/spring.factories]: [org.springframework.security.test.context.support.WithSecurityContextTestExecutionListener, org.springframework.security.test.context.support.ReactorContextTestExecutionListener, org.springframework.boot.test.autoconfigure.restdocs.RestDocsTestExecutionListener, org.springframework.boot.test.autoconfigure.web.client.MockRestServiceServerResetTestExecutionListener, org.springframework.boot.test.autoconfigure.web.servlet.MockMvcPrintOnlyOnFailureTestExecutionListener, org.springframework.boot.test.autoconfigure.web.servlet.WebDriverTestExecutionListener, org.springframework.boot.test.mock.mockito.MockitoTestExecutionListener, org.springframework.boot.test.mock.mockito.ResetMocksTestExecutionListener, org.springframework.test.context.web.ServletTestExecutionListener, org.springframework.test.context.support.DirtiesContextBeforeModesTestExecutionListener, org.springframework.test.context.support.DependencyInjectionTestExecutionListener, org.springframework.test.context.support.DirtiesContextTestExecutionListener, org.springframework.test.context.transaction.TransactionalTestExecutionListener, org.springframework.test.context.jdbc.SqlScriptsTestExecutionListener]
2021-07-27 18:20:21.851  INFO 35056 --- [    Test worker] .b.t.a.w.s.WebMvcTestContextBootstrapper : Using TestExecutionListeners: [org.springframework.test.context.web.ServletTestExecutionListener@2ad66fd4, org.springframework.test.context.support.DirtiesContextBeforeModesTestExecutionListener@4d927157, org.springframework.boot.test.mock.mockito.MockitoTestExecutionListener@69969224, org.springframework.boot.test.autoconfigure.SpringBootDependencyInjectionTestExecutionListener@3ff1e9b9, org.springframework.test.context.support.DirtiesContextTestExecutionListener@26c0995c, org.springframework.test.context.transaction.TransactionalTestExecutionListener@78064c1a, org.springframework.test.context.jdbc.SqlScriptsTestExecutionListener@255ce68c, org.springframework.security.test.context.support.WithSecurityContextTestExecutionListener@15d06fbf, org.springframework.security.test.context.support.ReactorContextTestExecutionListener@37f80e20, org.springframework.boot.test.autoconfigure.restdocs.RestDocsTestExecutionListener@7d54e259, org.springframework.boot.test.autoconfigure.web.client.MockRestServiceServerResetTestExecutionListener@3f7e03f9, org.springframework.boot.test.autoconfigure.web.servlet.MockMvcPrintOnlyOnFailureTestExecutionListener@29c53e3e, org.springframework.boot.test.autoconfigure.web.servlet.WebDriverTestExecutionListener@5e3bbc28, org.springframework.boot.test.mock.mockito.ResetMocksTestExecutionListener@4a7db9c]

  .   ____          _            __ _ _
 /\\ / ___'_ __ _ _(_)_ __  __ _ \ \ \ \
( ( )\___ | '_ | '_| | '_ \/ _` | \ \ \ \
 \\/  ___)| |_)| | | | | || (_| |  ) ) ) )
  '  |____| .__|_| |_|_| |_\__, | / / / /
 =========|_|==============|___/=/_/_/_/
 :: Spring Boot ::        (v2.1.7.RELEASE)

2021-07-27 18:20:21.876  INFO 35056 --- [    Test worker] c.s.b.s.web.HelloControllerTest          : Starting HelloControllerTest on DESKTOP-F6NRLVA with PID 35056 (started by pc1 in C:\Users\pc1\Documents\git\project)
2021-07-27 18:20:21.877  INFO 35056 --- [    Test worker] c.s.b.s.web.HelloControllerTest          : No active profile set, falling back to default profiles: default
2021-07-27 18:20:22.183  INFO 35056 --- [    Test worker] o.s.s.concurrent.ThreadPoolTaskExecutor  : Initializing ExecutorService 'applicationTaskExecutor'
2021-07-27 18:20:22.206  INFO 35056 --- [    Test worker] o.s.b.a.w.s.WelcomePageHandlerMapping    : Adding welcome page template: index
2021-07-27 18:20:22.344  INFO 35056 --- [    Test worker] .s.s.UserDetailsServiceAutoConfiguration : 

Using generated security password: b7da7c1f-698b-4dae-9bcc-e835b5bf5370

2021-07-27 18:20:22.438  INFO 35056 --- [    Test worker] o.s.s.web.DefaultSecurityFilterChain     : Creating filter chain: any request, [org.springframework.security.web.context.request.async.WebAsyncManagerIntegrationFilter@f6b9754, org.springframework.security.web.context.SecurityContextPersistenceFilter@556747e6, org.springframework.security.web.header.HeaderWriterFilter@643f8dc6, org.springframework.security.web.csrf.CsrfFilter@746268bd, org.springframework.security.web.authentication.logout.LogoutFilter@ee777e8, org.springframework.security.web.authentication.UsernamePasswordAuthenticationFilter@2e16d8e2, org.springframework.security.web.authentication.ui.DefaultLoginPageGeneratingFilter@36f90298, org.springframework.security.web.authentication.ui.DefaultLogoutPageGeneratingFilter@4dd262e6, org.springframework.security.web.authentication.www.BasicAuthenticationFilter@56489faa, org.springframework.security.web.savedrequest.RequestCacheAwareFilter@54067740, org.springframework.security.web.servletapi.SecurityContextHolderAwareRequestFilter@4c4f91bb, org.springframework.security.web.authentication.AnonymousAuthenticationFilter@5f751139, org.springframework.security.web.session.SessionManagementFilter@3ff367c, org.springframework.security.web.access.ExceptionTranslationFilter@17b2da50, org.springframework.security.web.access.intercept.FilterSecurityInterceptor@7c7bc13a]
2021-07-27 18:20:22.452  INFO 35056 --- [    Test worker] o.s.b.t.m.w.SpringBootMockServletContext : Initializing Spring TestDispatcherServlet ''
2021-07-27 18:20:22.452  INFO 35056 --- [    Test worker] o.s.t.web.servlet.TestDispatcherServlet  : Initializing Servlet ''
2021-07-27 18:20:22.460  INFO 35056 --- [    Test worker] o.s.t.web.servlet.TestDispatcherServlet  : Completed initialization in 8 ms
2021-07-27 18:20:22.479  INFO 35056 --- [    Test worker] c.s.b.s.web.HelloControllerTest          : Started HelloControllerTest in 0.626 seconds (JVM running for 8.694)
]]></system-out>
  <system-err><![CDATA[]]></system-err>
</testsuite>
