<?xml version="1.0" encoding="UTF-8"?>
<testsuite name="com.sproject.boot.springboot.web.IndexControllerTest" tests="1" skipped="0" failures="0" errors="0" timestamp="2021-07-27T09:20:22" hostname="DESKTOP-F6NRLVA" time="0.045">
  <properties/>
  <testcase name="메인페이지_로딩" classname="com.sproject.boot.springboot.web.IndexControllerTest" time="0.045"/>
  <system-out><![CDATA[2021-07-27 18:20:22.566  INFO 35056 --- [    Test worker] .b.t.c.SpringBootTestContextBootstrapper : Neither @ContextConfiguration nor @ContextHierarchy found for test class [com.sproject.boot.springboot.web.IndexControllerTest], using SpringBootContextLoader
2021-07-27 18:20:22.567  INFO 35056 --- [    Test worker] o.s.t.c.support.AbstractContextLoader    : Could not detect default resource locations for test class [com.sproject.boot.springboot.web.IndexControllerTest]: no resource found for suffixes {-context.xml, Context.groovy}.
2021-07-27 18:20:22.567  INFO 35056 --- [    Test worker] t.c.s.AnnotationConfigContextLoaderUtils : Could not detect default configuration classes for test class [com.sproject.boot.springboot.web.IndexControllerTest]: IndexControllerTest does not declare any static, non-private, non-final, nested classes annotated with @Configuration.
2021-07-27 18:20:22.568  INFO 35056 --- [    Test worker] .b.t.c.SpringBootTestContextBootstrapper : Found @SpringBootConfiguration com.sproject.boot.springboot.Application for test class com.sproject.boot.springboot.web.IndexControllerTest
2021-07-27 18:20:22.569  INFO 35056 --- [    Test worker] .b.t.c.SpringBootTestContextBootstrapper : Loaded default TestExecutionListener class names from location [META-INF/spring.factories]: [org.springframework.security.test.context.support.WithSecurityContextTestExecutionListener, org.springframework.security.test.context.support.ReactorContextTestExecutionListener, org.springframework.boot.test.autoconfigure.restdocs.RestDocsTestExecutionListener, org.springframework.boot.test.autoconfigure.web.client.MockRestServiceServerResetTestExecutionListener, org.springframework.boot.test.autoconfigure.web.servlet.MockMvcPrintOnlyOnFailureTestExecutionListener, org.springframework.boot.test.autoconfigure.web.servlet.WebDriverTestExecutionListener, org.springframework.boot.test.mock.mockito.MockitoTestExecutionListener, org.springframework.boot.test.mock.mockito.ResetMocksTestExecutionListener, org.springframework.test.context.web.ServletTestExecutionListener, org.springframework.test.context.support.DirtiesContextBeforeModesTestExecutionListener, org.springframework.test.context.support.DependencyInjectionTestExecutionListener, org.springframework.test.context.support.DirtiesContextTestExecutionListener, org.springframework.test.context.transaction.TransactionalTestExecutionListener, org.springframework.test.context.jdbc.SqlScriptsTestExecutionListener]
2021-07-27 18:20:22.570  INFO 35056 --- [    Test worker] .b.t.c.SpringBootTestContextBootstrapper : Using TestExecutionListeners: [org.springframework.test.context.web.ServletTestExecutionListener@2aadfc7f, org.springframework.test.context.support.DirtiesContextBeforeModesTestExecutionListener@4b5f724b, org.springframework.boot.test.mock.mockito.MockitoTestExecutionListener@780df27c, org.springframework.boot.test.autoconfigure.SpringBootDependencyInjectionTestExecutionListener@27076d2e, org.springframework.test.context.support.DirtiesContextTestExecutionListener@628c23b5, org.springframework.test.context.transaction.TransactionalTestExecutionListener@5271d885, org.springframework.test.context.jdbc.SqlScriptsTestExecutionListener@45f84ea5, org.springframework.security.test.context.support.WithSecurityContextTestExecutionListener@598a2529, org.springframework.security.test.context.support.ReactorContextTestExecutionListener@5a982426, org.springframework.boot.test.autoconfigure.restdocs.RestDocsTestExecutionListener@6716a00, org.springframework.boot.test.autoconfigure.web.client.MockRestServiceServerResetTestExecutionListener@1fb810d, org.springframework.boot.test.autoconfigure.web.servlet.MockMvcPrintOnlyOnFailureTestExecutionListener@9d04f76, org.springframework.boot.test.autoconfigure.web.servlet.WebDriverTestExecutionListener@12f2f37e, org.springframework.boot.test.mock.mockito.ResetMocksTestExecutionListener@1f5eba4a]
Hibernate: select posts0_.id as id1_0_, posts0_.create_date as create_d2_0_, posts0_.modified_date as modified3_0_, posts0_.author as author4_0_, posts0_.content as content5_0_, posts0_.title as title6_0_ from posts posts0_ order by posts0_.id DESC
]]></system-out>
  <system-err><![CDATA[]]></system-err>
</testsuite>
